<?xml version="1.0" encoding="UTF-8"?>
<!-- Generated by org.testng.reporters.JUnitXMLReporter -->
<testsuite hostname="MOL-HSK-CIT0040" ignored="32" name="ChromeTest" tests="56" failures="3" timestamp="03 Aug 2018 12:45:10 GMT" time="4700.431" errors="0">
  <testcase name="a_SpikedArticle" time="44.276" classname="clj.Frontend.SpikedAndGeoblocked"/>
  <testcase name="b_GeoblockedArticle" time="67.87" classname="clj.Frontend.SpikedAndGeoblocked">
    <skipped/>
  </testcase> <!-- b_GeoblockedArticle -->
  <testcase name="b_GeoblockedArticle" time="62.358" classname="clj.Frontend.SpikedAndGeoblocked"/>
  <testcase name="MostShared_UK_HomePage" time="60.29" classname="clj.Frontend.MostShared"/>
  <testcase name="MostShared_US_HomePage" time="95.543" classname="clj.Frontend.MostShared"/>
  <testcase name="a_FacebookLike_TopLeft_HomePage" time="22.525" classname="clj.Frontend.SocialShare"/>
  <testcase name="b_NewFbIconOnArticlePreview" time="14.999" classname="clj.Frontend.SocialShare"/>
  <testcase name="c_SocialShareArticlePreview" time="101.798" classname="clj.Frontend.SocialShare"/>
  <testcase name="d_SocialShare_UnderSearch_HomePage" time="63.039" classname="clj.Frontend.SocialShare"/>
  <testcase name="e_SocialShare_underSearch_Article" time="72.265" classname="clj.Frontend.SocialShare"/>
  <testcase name="f_SocialShare_Top_Article" time="121.774" classname="clj.Frontend.SocialShare"/>
  <testcase name="g_SocialShare_Bottom_Article" time="139.692" classname="clj.Frontend.SocialShare"/>
  <testcase name="h_FB_Icon_FlyOut_onArticle" time="66.285" classname="clj.Frontend.SocialShare">
    <skipped/>
  </testcase> <!-- h_FB_Icon_FlyOut_onArticle -->
  <testcase name="h_FB_Icon_FlyOut_onArticle" time="62.637" classname="clj.Frontend.SocialShare">
    <skipped/>
  </testcase> <!-- h_FB_Icon_FlyOut_onArticle -->
  <testcase name="h_FB_Icon_FlyOut_onArticle" time="67.376" classname="clj.Frontend.SocialShare">
    <failure type="org.openqa.selenium.TimeoutException" message="Expected condition failed: waiting for element to be clickable: [[ChromeDriver: chrome on MAC (b1a5552745bdaabc8c6d9d9749eb78eb)] -&amp;gt; css selector: div.button-share-facebook] (tried for 20 second(s) with 500 MILLISECONDS interval)
Build info: version: &amp;apos;3.9.1&amp;apos;, revision: &amp;apos;63f7b50&amp;apos;, time: &amp;apos;2018-02-07T22:25:02.294Z&amp;apos;
System info: host: &amp;apos;MOL-HSK-CIT0040&amp;apos;, ip: &amp;apos;fe80:0:0:0:1472:6125:5b1d:fb47%en0&amp;apos;, os.name: &amp;apos;Mac OS X&amp;apos;, os.arch: &amp;apos;x86_64&amp;apos;, os.version: &amp;apos;10.12.6&amp;apos;, java.version: &amp;apos;1.8.0_151&amp;apos;
Driver info: org.openqa.selenium.chrome.ChromeDriver
Capabilities {acceptInsecureCerts: false, acceptSslCerts: false, applicationCacheEnabled: false, browserConnectionEnabled: false, browserName: chrome, chrome: {chromedriverVersion: 2.38.552518 (183d19265345f5..., userDataDir: /var/folders/0n/gznryz212yx...}, cssSelectorsEnabled: true, databaseEnabled: false, handlesAlerts: true, hasTouchScreen: false, javascriptEnabled: true, locationContextEnabled: true, mobileEmulationEnabled: false, nativeEvents: true, networkConnectionEnabled: false, pageLoadStrategy: normal, platform: MAC, platformName: MAC, rotatable: false, setWindowRect: true, takesHeapSnapshot: true, takesScreenshot: true, unexpectedAlertBehaviour: , unhandledPromptBehavior: , version: 68.0.3440.84, webStorageEnabled: true}
Session ID: b1a5552745bdaabc8c6d9d9749eb78eb">
      <![CDATA[org.openqa.selenium.TimeoutException: Expected condition failed: waiting for element to be clickable: [[ChromeDriver: chrome on MAC (b1a5552745bdaabc8c6d9d9749eb78eb)] -> css selector: div.button-share-facebook] (tried for 20 second(s) with 500 MILLISECONDS interval)
Build info: version: '3.9.1', revision: '63f7b50', time: '2018-02-07T22:25:02.294Z'
System info: host: 'MOL-HSK-CIT0040', ip: 'fe80:0:0:0:1472:6125:5b1d:fb47%en0', os.name: 'Mac OS X', os.arch: 'x86_64', os.version: '10.12.6', java.version: '1.8.0_151'
Driver info: org.openqa.selenium.chrome.ChromeDriver
Capabilities {acceptInsecureCerts: false, acceptSslCerts: false, applicationCacheEnabled: false, browserConnectionEnabled: false, browserName: chrome, chrome: {chromedriverVersion: 2.38.552518 (183d19265345f5..., userDataDir: /var/folders/0n/gznryz212yx...}, cssSelectorsEnabled: true, databaseEnabled: false, handlesAlerts: true, hasTouchScreen: false, javascriptEnabled: true, locationContextEnabled: true, mobileEmulationEnabled: false, nativeEvents: true, networkConnectionEnabled: false, pageLoadStrategy: normal, platform: MAC, platformName: MAC, rotatable: false, setWindowRect: true, takesHeapSnapshot: true, takesScreenshot: true, unexpectedAlertBehaviour: , unhandledPromptBehavior: , version: 68.0.3440.84, webStorageEnabled: true}
Session ID: b1a5552745bdaabc8c6d9d9749eb78eb
at org.openqa.selenium.support.ui.WebDriverWait.timeoutException(WebDriverWait.java:82)
at org.openqa.selenium.support.ui.FluentWait.until(FluentWait.java:231)
at commonLibrary.WaitMethods.WaitUntilElementClickable(WaitMethods.java:19)
at clj.Frontend.SocialShare.h_FB_Icon_FlyOut_onArticle(SocialShare.java:214)
at java.util.concurrent.FutureTask.run(FutureTask.java:266)
at java.util.concurrent.ThreadPoolExecutor.runWorker(ThreadPoolExecutor.java:1149)
at java.util.concurrent.ThreadPoolExecutor$Worker.run(ThreadPoolExecutor.java:624)
at java.lang.Thread.run(Thread.java:748)
... Removed 16 stack frames]]>
    </failure>
  </testcase> <!-- h_FB_Icon_FlyOut_onArticle -->
  <testcase name="i_FB_Icon_on_RelatedAtrticle" time="32.598" classname="clj.Frontend.SocialShare"/>
  <testcase name="j_SocialShareOn_Comments" time="77.517" classname="clj.Frontend.SocialShare"/>
  <testcase name="RelatedArticles" time="24.411" classname="clj.Frontend.RelatedArticle">
    <skipped/>
  </testcase> <!-- RelatedArticles -->
  <testcase name="RelatedArticles" time="26.143" classname="clj.Frontend.RelatedArticle">
    <skipped/>
  </testcase> <!-- RelatedArticles -->
  <testcase name="RelatedArticles" time="18.574" classname="clj.Frontend.RelatedArticle">
    <failure type="org.openqa.selenium.WebDriverException" message="unknown error: failed to change window state to maximized, current state is normal
  (Session info: chrome=68.0.3440.84)
  (Driver info: chromedriver=2.38.552518 (183d19265345f54ce39cbb94cf81ba5f15905011),platform=Mac OS X 10.12.6 x86_64) (WARNING: The server did not provide any stacktrace information)
Command duration or timeout: 0 milliseconds
Build info: version: &amp;apos;3.9.1&amp;apos;, revision: &amp;apos;63f7b50&amp;apos;, time: &amp;apos;2018-02-07T22:25:02.294Z&amp;apos;
System info: host: &amp;apos;MOL-HSK-CIT0040&amp;apos;, ip: &amp;apos;fe80:0:0:0:1472:6125:5b1d:fb47%en0&amp;apos;, os.name: &amp;apos;Mac OS X&amp;apos;, os.arch: &amp;apos;x86_64&amp;apos;, os.version: &amp;apos;10.12.6&amp;apos;, java.version: &amp;apos;1.8.0_151&amp;apos;
Driver info: org.openqa.selenium.chrome.ChromeDriver
Capabilities {acceptInsecureCerts: false, acceptSslCerts: false, applicationCacheEnabled: false, browserConnectionEnabled: false, browserName: chrome, chrome: {chromedriverVersion: 2.38.552518 (183d19265345f5..., userDataDir: /var/folders/0n/gznryz212yx...}, cssSelectorsEnabled: true, databaseEnabled: false, handlesAlerts: true, hasTouchScreen: false, javascriptEnabled: true, locationContextEnabled: true, mobileEmulationEnabled: false, nativeEvents: true, networkConnectionEnabled: false, pageLoadStrategy: normal, platform: MAC, platformName: MAC, rotatable: false, setWindowRect: true, takesHeapSnapshot: true, takesScreenshot: true, unexpectedAlertBehaviour: , unhandledPromptBehavior: , version: 68.0.3440.84, webStorageEnabled: true}
Session ID: 8d63611f0c7f6ed4b6206fe89fcc549c">
      <![CDATA[org.openqa.selenium.WebDriverException: unknown error: failed to change window state to maximized, current state is normal
  (Session info: chrome=68.0.3440.84)
  (Driver info: chromedriver=2.38.552518 (183d19265345f54ce39cbb94cf81ba5f15905011),platform=Mac OS X 10.12.6 x86_64) (WARNING: The server did not provide any stacktrace information)
Command duration or timeout: 0 milliseconds
Build info: version: '3.9.1', revision: '63f7b50', time: '2018-02-07T22:25:02.294Z'
System info: host: 'MOL-HSK-CIT0040', ip: 'fe80:0:0:0:1472:6125:5b1d:fb47%en0', os.name: 'Mac OS X', os.arch: 'x86_64', os.version: '10.12.6', java.version: '1.8.0_151'
Driver info: org.openqa.selenium.chrome.ChromeDriver
Capabilities {acceptInsecureCerts: false, acceptSslCerts: false, applicationCacheEnabled: false, browserConnectionEnabled: false, browserName: chrome, chrome: {chromedriverVersion: 2.38.552518 (183d19265345f5..., userDataDir: /var/folders/0n/gznryz212yx...}, cssSelectorsEnabled: true, databaseEnabled: false, handlesAlerts: true, hasTouchScreen: false, javascriptEnabled: true, locationContextEnabled: true, mobileEmulationEnabled: false, nativeEvents: true, networkConnectionEnabled: false, pageLoadStrategy: normal, platform: MAC, platformName: MAC, rotatable: false, setWindowRect: true, takesHeapSnapshot: true, takesScreenshot: true, unexpectedAlertBehaviour: , unhandledPromptBehavior: , version: 68.0.3440.84, webStorageEnabled: true}
Session ID: 8d63611f0c7f6ed4b6206fe89fcc549c
at org.openqa.selenium.remote.ErrorHandler.createThrowable(ErrorHandler.java:214)
at org.openqa.selenium.remote.ErrorHandler.throwIfResponseFailed(ErrorHandler.java:166)
at org.openqa.selenium.remote.http.JsonHttpResponseCodec.reconstructValue(JsonHttpResponseCodec.java:40)
at org.openqa.selenium.remote.http.AbstractHttpResponseCodec.decode(AbstractHttpResponseCodec.java:80)
at org.openqa.selenium.remote.http.AbstractHttpResponseCodec.decode(AbstractHttpResponseCodec.java:44)
at org.openqa.selenium.remote.HttpCommandExecutor.execute(HttpCommandExecutor.java:160)
at org.openqa.selenium.remote.service.DriverCommandExecutor.execute(DriverCommandExecutor.java:83)
at org.openqa.selenium.remote.RemoteWebDriver.execute(RemoteWebDriver.java:601)
at org.openqa.selenium.remote.RemoteWebDriver.execute(RemoteWebDriver.java:658)
at org.openqa.selenium.remote.RemoteWebDriver$RemoteWebDriverOptions$RemoteWindow.maximize(RemoteWebDriver.java:892)
at commonLibrary.RelatedArticleMethod.relatedArticle(RelatedArticleMethod.java:25)
at clj.Frontend.RelatedArticle.RelatedArticles(RelatedArticle.java:27)
at java.util.concurrent.FutureTask.run(FutureTask.java:266)
at java.util.concurrent.ThreadPoolExecutor.runWorker(ThreadPoolExecutor.java:1149)
at java.util.concurrent.ThreadPoolExecutor$Worker.run(ThreadPoolExecutor.java:624)
at java.lang.Thread.run(Thread.java:748)
... Removed 20 stack frames]]>
    </failure>
  </testcase> <!-- RelatedArticles -->
  <testcase name="a_ArticleUrl" time="31.533" classname="clj.Frontend.ReaderComment">
    <skipped/>
  </testcase> <!-- a_ArticleUrl -->
  <testcase name="a_ArticleUrl" time="31.107" classname="clj.Frontend.ReaderComment">
    <skipped/>
  </testcase> <!-- a_ArticleUrl -->
  <testcase name="a_ArticleUrl" time="23.084" classname="clj.Frontend.ReaderComment"/>
  <testcase name="b_CommentInfo" time="425.875" classname="clj.Frontend.ReaderComment">
    <skipped/>
  </testcase> <!-- b_CommentInfo -->
  <testcase name="b_CommentInfo" time="113.394" classname="clj.Frontend.ReaderComment"/>
  <testcase name="c_PostComment" time="268.612" classname="clj.Frontend.ReaderComment"/>
  <testcase name="d_PostReply" time="231.826" classname="clj.Frontend.ReaderComment"/>
  <testcase name="e_FbComment" time="30.011" classname="clj.Frontend.ReaderComment">
    <failure type="org.openqa.selenium.TimeoutException" message="timeout
  (Session info: chrome=68.0.3440.84)
  (Driver info: chromedriver=2.38.552518 (183d19265345f54ce39cbb94cf81ba5f15905011),platform=Mac OS X 10.12.6 x86_64) (WARNING: The server did not provide any stacktrace information)
Command duration or timeout: 0 milliseconds
Build info: version: &amp;apos;3.9.1&amp;apos;, revision: &amp;apos;63f7b50&amp;apos;, time: &amp;apos;2018-02-07T22:25:02.294Z&amp;apos;
System info: host: &amp;apos;MOL-HSK-CIT0040&amp;apos;, ip: &amp;apos;fe80:0:0:0:1472:6125:5b1d:fb47%en0&amp;apos;, os.name: &amp;apos;Mac OS X&amp;apos;, os.arch: &amp;apos;x86_64&amp;apos;, os.version: &amp;apos;10.12.6&amp;apos;, java.version: &amp;apos;1.8.0_151&amp;apos;
Driver info: org.openqa.selenium.chrome.ChromeDriver
Capabilities {acceptInsecureCerts: false, acceptSslCerts: false, applicationCacheEnabled: false, browserConnectionEnabled: false, browserName: chrome, chrome: {chromedriverVersion: 2.38.552518 (183d19265345f5..., userDataDir: /var/folders/0n/gznryz212yx...}, cssSelectorsEnabled: true, databaseEnabled: false, handlesAlerts: true, hasTouchScreen: false, javascriptEnabled: true, locationContextEnabled: true, mobileEmulationEnabled: false, nativeEvents: true, networkConnectionEnabled: false, pageLoadStrategy: normal, platform: MAC, platformName: MAC, rotatable: false, setWindowRect: true, takesHeapSnapshot: true, takesScreenshot: true, unexpectedAlertBehaviour: , unhandledPromptBehavior: , version: 68.0.3440.84, webStorageEnabled: true}
Session ID: 5157ad9ecb491fe40842560ae63177c8">
      <![CDATA[org.openqa.selenium.TimeoutException: timeout
  (Session info: chrome=68.0.3440.84)
  (Driver info: chromedriver=2.38.552518 (183d19265345f54ce39cbb94cf81ba5f15905011),platform=Mac OS X 10.12.6 x86_64) (WARNING: The server did not provide any stacktrace information)
Command duration or timeout: 0 milliseconds
Build info: version: '3.9.1', revision: '63f7b50', time: '2018-02-07T22:25:02.294Z'
System info: host: 'MOL-HSK-CIT0040', ip: 'fe80:0:0:0:1472:6125:5b1d:fb47%en0', os.name: 'Mac OS X', os.arch: 'x86_64', os.version: '10.12.6', java.version: '1.8.0_151'
Driver info: org.openqa.selenium.chrome.ChromeDriver
Capabilities {acceptInsecureCerts: false, acceptSslCerts: false, applicationCacheEnabled: false, browserConnectionEnabled: false, browserName: chrome, chrome: {chromedriverVersion: 2.38.552518 (183d19265345f5..., userDataDir: /var/folders/0n/gznryz212yx...}, cssSelectorsEnabled: true, databaseEnabled: false, handlesAlerts: true, hasTouchScreen: false, javascriptEnabled: true, locationContextEnabled: true, mobileEmulationEnabled: false, nativeEvents: true, networkConnectionEnabled: false, pageLoadStrategy: normal, platform: MAC, platformName: MAC, rotatable: false, setWindowRect: true, takesHeapSnapshot: true, takesScreenshot: true, unexpectedAlertBehaviour: , unhandledPromptBehavior: , version: 68.0.3440.84, webStorageEnabled: true}
Session ID: 5157ad9ecb491fe40842560ae63177c8
at org.openqa.selenium.remote.ErrorHandler.createThrowable(ErrorHandler.java:214)
at org.openqa.selenium.remote.ErrorHandler.throwIfResponseFailed(ErrorHandler.java:166)
at org.openqa.selenium.remote.http.JsonHttpResponseCodec.reconstructValue(JsonHttpResponseCodec.java:40)
at org.openqa.selenium.remote.http.AbstractHttpResponseCodec.decode(AbstractHttpResponseCodec.java:80)
at org.openqa.selenium.remote.http.AbstractHttpResponseCodec.decode(AbstractHttpResponseCodec.java:44)
at org.openqa.selenium.remote.HttpCommandExecutor.execute(HttpCommandExecutor.java:160)
at org.openqa.selenium.remote.service.DriverCommandExecutor.execute(DriverCommandExecutor.java:83)
at org.openqa.selenium.remote.RemoteWebDriver.execute(RemoteWebDriver.java:601)
at org.openqa.selenium.remote.RemoteWebDriver.get(RemoteWebDriver.java:325)
at commonLibrary.ReaderCommentMethods.commentSection(ReaderCommentMethods.java:32)
at clj.Frontend.ReaderComment.e_FbComment(ReaderComment.java:90)
at java.util.concurrent.FutureTask.run(FutureTask.java:266)
at java.util.concurrent.ThreadPoolExecutor.runWorker(ThreadPoolExecutor.java:1149)
at java.util.concurrent.ThreadPoolExecutor$Worker.run(ThreadPoolExecutor.java:624)
at java.lang.Thread.run(Thread.java:748)
... Removed 20 stack frames]]>
    </failure>
  </testcase> <!-- e_FbComment -->
  <testcase name="f_ReportAbuse" time="115.589" classname="clj.Frontend.ReaderComment"/>
  <testcase name="g_RateComment" time="221.887" classname="clj.Frontend.ReaderComment"/>
  <testcase name="a_DirectLogin" time="24.53" classname="clj.Frontend.AllLoginsAndMyProfile"/>
  <testcase name="b_FacebookLogin" time="6.595" classname="clj.Frontend.AllLoginsAndMyProfile"/>
  <testcase name="c_TwitterLogin" time="8.412" classname="clj.Frontend.AllLoginsAndMyProfile"/>
  <testcase name="d_Registration" time="16.105" classname="clj.Frontend.AllLoginsAndMyProfile"/>
  <testcase name="PreNextControl" time="66.066" classname="clj.Frontend.PreNextControls"/>
  <testcase name="a_SearchResult" time="32.445" classname="clj.Frontend.SearchPage"/>
  <testcase name="b_AdvanceSearchByChannel" time="9.596" classname="clj.Frontend.SearchPage"/>
  <testcase name="c_AdvanceSearchByContentType" time="10.749" classname="clj.Frontend.SearchPage"/>
  <testcase name="d_AdvanceSearchByAuthor" time="10.35" classname="clj.Frontend.SearchPage"/>
  <testcase name="e_AdvanceSearchByTopic" time="8.666" classname="clj.Frontend.SearchPage"/>
  <testcase name="f_AdvanceSearchByDay" time="12.792" classname="clj.Frontend.SearchPage"/>
  <testcase name="seoModule" time="53.903" classname="clj.Frontend.SEO_Module">
    <skipped/>
  </testcase> <!-- seoModule -->
  <testcase name="seoModule" time="35.261" classname="clj.Frontend.SEO_Module"/>
  <testcase name="a_TopicPageHeading" time="8.046" classname="clj.Frontend.TopicPage"/>
  <testcase name="b_TopicModules" time="27.294" classname="clj.Frontend.TopicPage"/>
  <testcase name="c_TopicIndex" time="16.534" classname="clj.Frontend.TopicPage"/>
  <testcase name="d_topic_names" time="42.909" classname="clj.Frontend.TopicPage"/>
  <testcase name="g_DontMiss" time="134.003" classname="clj.Frontend.TopicPage"/>
  <testcase name="h_WeathreTest" time="9.992" classname="clj.Frontend.TopicPage"/>
  <testcase name="a_StartsOfSportPuff" time="76.464" classname="clj.Frontend.Sports"/>
  <testcase name="b_MoreStartofSportsPuff" time="93.515" classname="clj.Frontend.Sports"/>
  <testcase name="c_Footer" time="13.204" classname="clj.Frontend.Sports"/>
  <testcase name="d_TopMenuAndMastHead" time="10.746" classname="clj.Frontend.Sports"/>
  <testcase name="e_weather" time="10.224" classname="clj.Frontend.Sports"/>
  <testcase name="g_TeamPages" time="426.564" classname="clj.Frontend.Sports"/>
  <testcase name="h_MatchZones" time="70.063" classname="clj.Frontend.Sports"/>
  <testcase name="@BeforeTest setup" time="0.0" classname="browsers.BeforeAfter">
    <ignored/>
  </testcase> <!-- @BeforeTest setup -->
  <testcase name="@BeforeTest setup" time="0.0" classname="browsers.BeforeAfter">
    <ignored/>
  </testcase> <!-- @BeforeTest setup -->
  <testcase name="@BeforeTest setup" time="0.0" classname="browsers.BeforeAfter">
    <ignored/>
  </testcase> <!-- @BeforeTest setup -->
  <testcase name="@BeforeTest setup" time="0.0" classname="browsers.BeforeAfter">
    <ignored/>
  </testcase> <!-- @BeforeTest setup -->
  <testcase name="@BeforeTest setup" time="0.0" classname="browsers.BeforeAfter">
    <ignored/>
  </testcase> <!-- @BeforeTest setup -->
  <testcase name="@BeforeTest setup" time="0.0" classname="browsers.BeforeAfter">
    <ignored/>
  </testcase> <!-- @BeforeTest setup -->
  <testcase name="@BeforeTest setup" time="0.0" classname="browsers.BeforeAfter">
    <ignored/>
  </testcase> <!-- @BeforeTest setup -->
  <testcase name="@BeforeTest setup" time="0.0" classname="browsers.BeforeAfter">
    <ignored/>
  </testcase> <!-- @BeforeTest setup -->
  <testcase name="@BeforeTest setup" time="0.0" classname="browsers.BeforeAfter">
    <ignored/>
  </testcase> <!-- @BeforeTest setup -->
  <testcase name="@BeforeTest setup" time="0.0" classname="browsers.BeforeAfter">
    <ignored/>
  </testcase> <!-- @BeforeTest setup -->
  <testcase name="f_SubChannels" time="0.0" classname="clj.Frontend.Sports">
    <ignored/>
  </testcase> <!-- f_SubChannels -->
  <testcase name="@BeforeSuite beforeSuite" time="0.0" classname="browsers.BeforeAfter">
    <ignored/>
  </testcase> <!-- @BeforeSuite beforeSuite -->
  <testcase name="@BeforeSuite beforeSuite" time="0.0" classname="browsers.BeforeAfter">
    <ignored/>
  </testcase> <!-- @BeforeSuite beforeSuite -->
  <testcase name="@BeforeSuite beforeSuite" time="0.0" classname="browsers.BeforeAfter">
    <ignored/>
  </testcase> <!-- @BeforeSuite beforeSuite -->
  <testcase name="@BeforeSuite beforeSuite" time="0.0" classname="browsers.BeforeAfter">
    <ignored/>
  </testcase> <!-- @BeforeSuite beforeSuite -->
  <testcase name="@BeforeSuite beforeSuite" time="0.0" classname="browsers.BeforeAfter">
    <ignored/>
  </testcase> <!-- @BeforeSuite beforeSuite -->
  <testcase name="@BeforeSuite beforeSuite" time="0.0" classname="browsers.BeforeAfter">
    <ignored/>
  </testcase> <!-- @BeforeSuite beforeSuite -->
  <testcase name="@BeforeSuite beforeSuite" time="0.0" classname="browsers.BeforeAfter">
    <ignored/>
  </testcase> <!-- @BeforeSuite beforeSuite -->
  <testcase name="@BeforeSuite beforeSuite" time="0.0" classname="browsers.BeforeAfter">
    <ignored/>
  </testcase> <!-- @BeforeSuite beforeSuite -->
  <testcase name="@BeforeSuite beforeSuite" time="0.0" classname="browsers.BeforeAfter">
    <ignored/>
  </testcase> <!-- @BeforeSuite beforeSuite -->
  <testcase name="@BeforeSuite beforeSuite" time="0.0" classname="browsers.BeforeAfter">
    <ignored/>
  </testcase> <!-- @BeforeSuite beforeSuite -->
  <testcase name="i_AllElemets" time="0.0" classname="clj.Frontend.Sports">
    <ignored/>
  </testcase> <!-- i_AllElemets -->
  <testcase name="@AfterTest after" time="0.0" classname="browsers.BeforeAfter">
    <ignored/>
  </testcase> <!-- @AfterTest after -->
  <testcase name="@AfterTest after" time="0.0" classname="browsers.BeforeAfter">
    <ignored/>
  </testcase> <!-- @AfterTest after -->
  <testcase name="@AfterTest after" time="0.0" classname="browsers.BeforeAfter">
    <ignored/>
  </testcase> <!-- @AfterTest after -->
  <testcase name="@AfterTest after" time="0.0" classname="browsers.BeforeAfter">
    <ignored/>
  </testcase> <!-- @AfterTest after -->
  <testcase name="@AfterTest after" time="0.0" classname="browsers.BeforeAfter">
    <ignored/>
  </testcase> <!-- @AfterTest after -->
  <testcase name="@AfterTest after" time="0.0" classname="browsers.BeforeAfter">
    <ignored/>
  </testcase> <!-- @AfterTest after -->
  <testcase name="@AfterTest after" time="0.0" classname="browsers.BeforeAfter">
    <ignored/>
  </testcase> <!-- @AfterTest after -->
  <testcase name="@AfterTest after" time="0.0" classname="browsers.BeforeAfter">
    <ignored/>
  </testcase> <!-- @AfterTest after -->
  <testcase name="@AfterTest after" time="0.0" classname="browsers.BeforeAfter">
    <ignored/>
  </testcase> <!-- @AfterTest after -->
  <testcase name="@AfterTest after" time="0.0" classname="browsers.BeforeAfter">
    <ignored/>
  </testcase> <!-- @AfterTest after -->
</testsuite> <!-- ChromeTest -->
