<?xml version="1.0" encoding="UTF-8"?>
<!-- Generated by org.testng.reporters.JUnitXMLReporter -->
<testsuite hostname="MOL-HSK-CIT0040" ignored="15" name="FirefoxTest" tests="33" failures="4" timestamp="03 Aug 2018 12:19:41 GMT" time="3171.245" errors="0">
  <testcase name="a_DirectLogin" time="39.661" classname="clj.Frontend.AllLoginsAndMyProfile"/>
  <testcase name="b_FacebookLogin" time="8.208" classname="clj.Frontend.AllLoginsAndMyProfile"/>
  <testcase name="c_TwitterLogin" time="76.272" classname="clj.Frontend.AllLoginsAndMyProfile">
    <skipped/>
  </testcase> <!-- c_TwitterLogin -->
  <testcase name="c_TwitterLogin" time="76.046" classname="clj.Frontend.AllLoginsAndMyProfile">
    <skipped/>
  </testcase> <!-- c_TwitterLogin -->
  <testcase name="c_TwitterLogin" time="75.682" classname="clj.Frontend.AllLoginsAndMyProfile">
    <failure type="org.openqa.selenium.TimeoutException" message="Expected condition failed: waiting for element to be clickable: [[FirefoxDriver: firefox on MAC (56d3bbbf-96e3-9548-97b7-52f4ec7bf7ed)] -&amp;gt; id: login] (tried for 30 second(s) with 500 MILLISECONDS interval)
Build info: version: &amp;apos;3.9.1&amp;apos;, revision: &amp;apos;63f7b50&amp;apos;, time: &amp;apos;2018-02-07T22:25:02.294Z&amp;apos;
System info: host: &amp;apos;MOL-HSK-CIT0040&amp;apos;, ip: &amp;apos;fe80:0:0:0:1472:6125:5b1d:fb47%en0&amp;apos;, os.name: &amp;apos;Mac OS X&amp;apos;, os.arch: &amp;apos;x86_64&amp;apos;, os.version: &amp;apos;10.12.6&amp;apos;, java.version: &amp;apos;1.8.0_151&amp;apos;
Driver info: org.openqa.selenium.firefox.FirefoxDriver
Capabilities {acceptInsecureCerts: true, browserName: firefox, browserVersion: 60.0, javascriptEnabled: true, moz:accessibilityChecks: false, moz:headless: false, moz:processID: 35576, moz:profile: /var/folders/0n/gznryz212yx..., moz:useNonSpecCompliantPointerOrigin: false, moz:webdriverClick: true, pageLoadStrategy: normal, platform: MAC, platformName: MAC, platformVersion: 16.7.0, rotatable: false, timeouts: {implicit: 0, pageLoad: 300000, script: 30000}}
Session ID: 56d3bbbf-96e3-9548-97b7-52f4ec7bf7ed">
      <![CDATA[org.openqa.selenium.TimeoutException: Expected condition failed: waiting for element to be clickable: [[FirefoxDriver: firefox on MAC (56d3bbbf-96e3-9548-97b7-52f4ec7bf7ed)] -> id: login] (tried for 30 second(s) with 500 MILLISECONDS interval)
Build info: version: '3.9.1', revision: '63f7b50', time: '2018-02-07T22:25:02.294Z'
System info: host: 'MOL-HSK-CIT0040', ip: 'fe80:0:0:0:1472:6125:5b1d:fb47%en0', os.name: 'Mac OS X', os.arch: 'x86_64', os.version: '10.12.6', java.version: '1.8.0_151'
Driver info: org.openqa.selenium.firefox.FirefoxDriver
Capabilities {acceptInsecureCerts: true, browserName: firefox, browserVersion: 60.0, javascriptEnabled: true, moz:accessibilityChecks: false, moz:headless: false, moz:processID: 35576, moz:profile: /var/folders/0n/gznryz212yx..., moz:useNonSpecCompliantPointerOrigin: false, moz:webdriverClick: true, pageLoadStrategy: normal, platform: MAC, platformName: MAC, platformVersion: 16.7.0, rotatable: false, timeouts: {implicit: 0, pageLoad: 300000, script: 30000}}
Session ID: 56d3bbbf-96e3-9548-97b7-52f4ec7bf7ed
at org.openqa.selenium.support.ui.WebDriverWait.timeoutException(WebDriverWait.java:82)
at org.openqa.selenium.support.ui.FluentWait.until(FluentWait.java:231)
at commonLibrary.LoginAndMyProfileMethods.AllLoginMethods(LoginAndMyProfileMethods.java:78)
at clj.Frontend.AllLoginsAndMyProfile.c_TwitterLogin(AllLoginsAndMyProfile.java:84)
at java.util.concurrent.FutureTask.run(FutureTask.java:266)
at java.util.concurrent.ThreadPoolExecutor.runWorker(ThreadPoolExecutor.java:1149)
at java.util.concurrent.ThreadPoolExecutor$Worker.run(ThreadPoolExecutor.java:624)
at java.lang.Thread.run(Thread.java:748)
... Removed 16 stack frames]]>
    </failure>
  </testcase> <!-- c_TwitterLogin -->
  <testcase name="d_Registration" time="20.988" classname="clj.Frontend.AllLoginsAndMyProfile"/>
  <testcase name="PreNextControl" time="34.619" classname="clj.Frontend.PreNextControls"/>
  <testcase name="MostShared_UK_HomePage" time="18.102" classname="clj.Frontend.MostShared"/>
  <testcase name="MostShared_US_HomePage" time="25.048" classname="clj.Frontend.MostShared"/>
  <testcase name="RelatedArticles" time="25.248" classname="clj.Frontend.RelatedArticle"/>
  <testcase name="a_FacebookLike_TopLeft_HomePage" time="17.951" classname="clj.Frontend.SocialShare"/>
  <testcase name="b_NewFbIconOnArticlePreview" time="14.296" classname="clj.Frontend.SocialShare"/>
  <testcase name="c_SocialShareArticlePreview" time="49.221" classname="clj.Frontend.SocialShare">
    <skipped/>
  </testcase> <!-- c_SocialShareArticlePreview -->
  <testcase name="c_SocialShareArticlePreview" time="49.758" classname="clj.Frontend.SocialShare">
    <skipped/>
  </testcase> <!-- c_SocialShareArticlePreview -->
  <testcase name="c_SocialShareArticlePreview" time="49.57" classname="clj.Frontend.SocialShare">
    <failure type="java.lang.AssertionError" message="expected [true] but found [false]">
      <![CDATA[java.lang.AssertionError: expected [true] but found [false]
at commonLibrary.SocialLoginsMethods.CLickSocialSahreIconAndAssert(SocialLoginsMethods.java:70)
at clj.Frontend.SocialShare.c_SocialShareArticlePreview(SocialShare.java:72)
at java.util.concurrent.FutureTask.run(FutureTask.java:266)
at java.util.concurrent.ThreadPoolExecutor.runWorker(ThreadPoolExecutor.java:1149)
at java.util.concurrent.ThreadPoolExecutor$Worker.run(ThreadPoolExecutor.java:624)
at java.lang.Thread.run(Thread.java:748)
... Removed 20 stack frames]]>
    </failure>
  </testcase> <!-- c_SocialShareArticlePreview -->
  <testcase name="d_SocialShare_UnderSearch_HomePage" time="55.004" classname="clj.Frontend.SocialShare"/>
  <testcase name="e_SocialShare_underSearch_Article" time="66.692" classname="clj.Frontend.SocialShare"/>
  <testcase name="f_SocialShare_Top_Article" time="68.5" classname="clj.Frontend.SocialShare">
    <skipped/>
  </testcase> <!-- f_SocialShare_Top_Article -->
  <testcase name="f_SocialShare_Top_Article" time="68.953" classname="clj.Frontend.SocialShare">
    <skipped/>
  </testcase> <!-- f_SocialShare_Top_Article -->
  <testcase name="f_SocialShare_Top_Article" time="66.394" classname="clj.Frontend.SocialShare">
    <failure type="java.lang.AssertionError" message="expected [true] but found [false]">
      <![CDATA[java.lang.AssertionError: expected [true] but found [false]
at commonLibrary.SocialLoginsMethods.CLickSocialSahreIconAndAssert(SocialLoginsMethods.java:70)
at commonLibrary.SocialLoginsMethods.SocialIconInDrawerTest(SocialLoginsMethods.java:48)
at clj.Frontend.SocialShare.f_SocialShare_Top_Article(SocialShare.java:162)
at java.util.concurrent.FutureTask.run(FutureTask.java:266)
at java.util.concurrent.ThreadPoolExecutor.runWorker(ThreadPoolExecutor.java:1149)
at java.util.concurrent.ThreadPoolExecutor$Worker.run(ThreadPoolExecutor.java:624)
at java.lang.Thread.run(Thread.java:748)
... Removed 20 stack frames]]>
    </failure>
  </testcase> <!-- f_SocialShare_Top_Article -->
  <testcase name="g_SocialShare_Bottom_Article" time="85.952" classname="clj.Frontend.SocialShare"/>
  <testcase name="h_FB_Icon_FlyOut_onArticle" time="55.856" classname="clj.Frontend.SocialShare"/>
  <testcase name="i_FB_Icon_on_RelatedAtrticle" time="24.135" classname="clj.Frontend.SocialShare"/>
  <testcase name="j_SocialShareOn_Comments" time="67.675" classname="clj.Frontend.SocialShare"/>
  <testcase name="a_ArticleUrl" time="23.807" classname="clj.Frontend.ReaderComment"/>
  <testcase name="b_CommentInfo" time="82.623" classname="clj.Frontend.ReaderComment"/>
  <testcase name="c_PostComment" time="242.392" classname="clj.Frontend.ReaderComment"/>
  <testcase name="d_PostReply" time="246.108" classname="clj.Frontend.ReaderComment"/>
  <testcase name="e_FbComment" time="171.741" classname="clj.Frontend.ReaderComment">
    <skipped/>
  </testcase> <!-- e_FbComment -->
  <testcase name="e_FbComment" time="163.504" classname="clj.Frontend.ReaderComment">
    <skipped/>
  </testcase> <!-- e_FbComment -->
  <testcase name="e_FbComment" time="181.804" classname="clj.Frontend.ReaderComment">
    <failure type="org.openqa.selenium.StaleElementReferenceException" message="The element reference of [object String] &amp;quot;9689a458-685e-d94e-ba26-0b1a2fbf6877&amp;quot; is stale; either the element is no longer attached to the DOM, it is not in the current frame context, or the document has been refreshed
For documentation on this error, please visit: http://seleniumhq.org/exceptions/stale_element_reference.html
Build info: version: &amp;apos;3.9.1&amp;apos;, revision: &amp;apos;63f7b50&amp;apos;, time: &amp;apos;2018-02-07T22:25:02.294Z&amp;apos;
System info: host: &amp;apos;MOL-HSK-CIT0040&amp;apos;, ip: &amp;apos;fe80:0:0:0:1472:6125:5b1d:fb47%en0&amp;apos;, os.name: &amp;apos;Mac OS X&amp;apos;, os.arch: &amp;apos;x86_64&amp;apos;, os.version: &amp;apos;10.12.6&amp;apos;, java.version: &amp;apos;1.8.0_151&amp;apos;
Driver info: org.openqa.selenium.firefox.FirefoxDriver
Capabilities {acceptInsecureCerts: true, browserName: firefox, browserVersion: 60.0, javascriptEnabled: true, moz:accessibilityChecks: false, moz:headless: false, moz:processID: 36925, moz:profile: /var/folders/0n/gznryz212yx..., moz:useNonSpecCompliantPointerOrigin: false, moz:webdriverClick: true, pageLoadStrategy: normal, platform: MAC, platformName: MAC, platformVersion: 16.7.0, rotatable: false, timeouts: {implicit: 0, pageLoad: 300000, script: 30000}}
Session ID: 28939c50-8482-a047-89e8-d43cc2c64f6c">
      <![CDATA[org.openqa.selenium.StaleElementReferenceException: The element reference of [object String] "9689a458-685e-d94e-ba26-0b1a2fbf6877" is stale; either the element is no longer attached to the DOM, it is not in the current frame context, or the document has been refreshed
For documentation on this error, please visit: http://seleniumhq.org/exceptions/stale_element_reference.html
Build info: version: '3.9.1', revision: '63f7b50', time: '2018-02-07T22:25:02.294Z'
System info: host: 'MOL-HSK-CIT0040', ip: 'fe80:0:0:0:1472:6125:5b1d:fb47%en0', os.name: 'Mac OS X', os.arch: 'x86_64', os.version: '10.12.6', java.version: '1.8.0_151'
Driver info: org.openqa.selenium.firefox.FirefoxDriver
Capabilities {acceptInsecureCerts: true, browserName: firefox, browserVersion: 60.0, javascriptEnabled: true, moz:accessibilityChecks: false, moz:headless: false, moz:processID: 36925, moz:profile: /var/folders/0n/gznryz212yx..., moz:useNonSpecCompliantPointerOrigin: false, moz:webdriverClick: true, pageLoadStrategy: normal, platform: MAC, platformName: MAC, platformVersion: 16.7.0, rotatable: false, timeouts: {implicit: 0, pageLoad: 300000, script: 30000}}
Session ID: 28939c50-8482-a047-89e8-d43cc2c64f6c
at org.openqa.selenium.remote.http.W3CHttpResponseCodec.createException(W3CHttpResponseCodec.java:187)
at org.openqa.selenium.remote.http.W3CHttpResponseCodec.decode(W3CHttpResponseCodec.java:122)
at org.openqa.selenium.remote.http.W3CHttpResponseCodec.decode(W3CHttpResponseCodec.java:49)
at org.openqa.selenium.remote.HttpCommandExecutor.execute(HttpCommandExecutor.java:160)
at org.openqa.selenium.remote.service.DriverCommandExecutor.execute(DriverCommandExecutor.java:83)
at org.openqa.selenium.remote.RemoteWebDriver.execute(RemoteWebDriver.java:601)
at org.openqa.selenium.remote.RemoteWebElement.execute(RemoteWebElement.java:279)
at org.openqa.selenium.remote.RemoteWebElement.click(RemoteWebElement.java:83)
at org.openqa.selenium.support.pagefactory.internal.LocatingElementHandler.invoke(LocatingElementHandler.java:51)
at com.sun.proxy.$Proxy13.click(Unknown Source)
at clj.Frontend.ReaderComment.e_FbComment(ReaderComment.java:117)
at java.util.concurrent.FutureTask.run(FutureTask.java:266)
at java.util.concurrent.ThreadPoolExecutor.runWorker(ThreadPoolExecutor.java:1149)
at java.util.concurrent.ThreadPoolExecutor$Worker.run(ThreadPoolExecutor.java:624)
at java.lang.Thread.run(Thread.java:748)
... Removed 23 stack frames]]>
    </failure>
  </testcase> <!-- e_FbComment -->
  <testcase name="f_ReportAbuse" time="119.462" classname="clj.Frontend.ReaderComment"/>
  <testcase name="g_RateComment" time="212.643" classname="clj.Frontend.ReaderComment"/>
  <testcase name="@BeforeTest setup" time="0.0" classname="browsers.BeforeAfter">
    <ignored/>
  </testcase> <!-- @BeforeTest setup -->
  <testcase name="@BeforeTest setup" time="0.0" classname="browsers.BeforeAfter">
    <ignored/>
  </testcase> <!-- @BeforeTest setup -->
  <testcase name="@BeforeTest setup" time="0.0" classname="browsers.BeforeAfter">
    <ignored/>
  </testcase> <!-- @BeforeTest setup -->
  <testcase name="@BeforeTest setup" time="0.0" classname="browsers.BeforeAfter">
    <ignored/>
  </testcase> <!-- @BeforeTest setup -->
  <testcase name="@BeforeTest setup" time="0.0" classname="browsers.BeforeAfter">
    <ignored/>
  </testcase> <!-- @BeforeTest setup -->
  <testcase name="@AfterTest after" time="0.0" classname="browsers.BeforeAfter">
    <ignored/>
  </testcase> <!-- @AfterTest after -->
  <testcase name="@AfterTest after" time="0.0" classname="browsers.BeforeAfter">
    <ignored/>
  </testcase> <!-- @AfterTest after -->
  <testcase name="@AfterTest after" time="0.0" classname="browsers.BeforeAfter">
    <ignored/>
  </testcase> <!-- @AfterTest after -->
  <testcase name="@AfterTest after" time="0.0" classname="browsers.BeforeAfter">
    <ignored/>
  </testcase> <!-- @AfterTest after -->
  <testcase name="@AfterTest after" time="0.0" classname="browsers.BeforeAfter">
    <ignored/>
  </testcase> <!-- @AfterTest after -->
  <testcase name="@BeforeSuite beforeSuite" time="0.0" classname="browsers.BeforeAfter">
    <ignored/>
  </testcase> <!-- @BeforeSuite beforeSuite -->
  <testcase name="@BeforeSuite beforeSuite" time="0.0" classname="browsers.BeforeAfter">
    <ignored/>
  </testcase> <!-- @BeforeSuite beforeSuite -->
  <testcase name="@BeforeSuite beforeSuite" time="0.0" classname="browsers.BeforeAfter">
    <ignored/>
  </testcase> <!-- @BeforeSuite beforeSuite -->
  <testcase name="@BeforeSuite beforeSuite" time="0.0" classname="browsers.BeforeAfter">
    <ignored/>
  </testcase> <!-- @BeforeSuite beforeSuite -->
  <testcase name="@BeforeSuite beforeSuite" time="0.0" classname="browsers.BeforeAfter">
    <ignored/>
  </testcase> <!-- @BeforeSuite beforeSuite -->
</testsuite> <!-- FirefoxTest -->
