<?xml version="1.0" encoding="UTF-8"?>
<!-- Generated by org.testng.reporters.JUnitReportReporter -->
<testsuite skipped="6" hostname="MOL-HSK-CIT0040" name="clj.Frontend.SocialShare" tests="26" failures="2" timestamp="03 Aug 2018 12:45:10 GMT" time="1979.660" errors="1">
  <testcase name="e_SocialShare_underSearch_Article" time="85.495" classname="clj.Frontend.SocialShare"/>
  <testcase name="f_SocialShare_Top_Article" time="83.147" classname="clj.Frontend.SocialShare">
    <skipped/>
  </testcase> <!-- f_SocialShare_Top_Article -->
  <testcase name="c_SocialShareArticlePreview" time="64.468" classname="clj.Frontend.SocialShare">
    <skipped/>
  </testcase> <!-- c_SocialShareArticlePreview -->
  <testcase name="c_SocialShareArticlePreview" time="67.039" classname="clj.Frontend.SocialShare">
    <skipped/>
  </testcase> <!-- c_SocialShareArticlePreview -->
  <testcase name="a_FacebookLike_TopLeft_HomePage" time="36.005" classname="clj.Frontend.SocialShare"/>
  <testcase name="h_FB_Icon_FlyOut_onArticle" time="79.341" classname="clj.Frontend.SocialShare">
    <skipped/>
  </testcase> <!-- h_FB_Icon_FlyOut_onArticle -->
  <testcase name="e_SocialShare_underSearch_Article" time="82.476" classname="clj.Frontend.SocialShare"/>
  <testcase name="d_SocialShare_UnderSearch_HomePage" time="69.740" classname="clj.Frontend.SocialShare"/>
  <testcase name="h_FB_Icon_FlyOut_onArticle" time="74.805" classname="clj.Frontend.SocialShare">
    <skipped/>
  </testcase> <!-- h_FB_Icon_FlyOut_onArticle -->
  <testcase name="f_SocialShare_Top_Article" time="82.843" classname="clj.Frontend.SocialShare">
    <failure type="java.lang.AssertionError" message="expected [true] but found [false]">
      <![CDATA[java.lang.AssertionError: expected [true] but found [false]
at org.testng.Assert.fail(Assert.java:96)
at org.testng.Assert.failNotEquals(Assert.java:776)
at org.testng.Assert.assertTrue(Assert.java:44)
at org.testng.Assert.assertTrue(Assert.java:54)
at commonLibrary.SocialLoginsMethods.CLickSocialSahreIconAndAssert(SocialLoginsMethods.java:70)
at commonLibrary.SocialLoginsMethods.SocialIconInDrawerTest(SocialLoginsMethods.java:48)
at clj.Frontend.SocialShare.f_SocialShare_Top_Article(SocialShare.java:162)
at sun.reflect.NativeMethodAccessorImpl.invoke0(Native Method)
at sun.reflect.NativeMethodAccessorImpl.invoke(NativeMethodAccessorImpl.java:62)
at sun.reflect.DelegatingMethodAccessorImpl.invoke(DelegatingMethodAccessorImpl.java:43)
at java.lang.reflect.Method.invoke(Method.java:498)
at org.testng.internal.MethodInvocationHelper.invokeMethod(MethodInvocationHelper.java:124)
at org.testng.internal.Invoker.invokeMethod(Invoker.java:580)
at org.testng.internal.Invoker.retryFailed(Invoker.java:838)
at org.testng.internal.Invoker.invokeTestMethods(Invoker.java:1009)
at org.testng.internal.TestMethodWorker.invokeTestMethods(TestMethodWorker.java:125)
at org.testng.internal.TestMethodWorker.run(TestMethodWorker.java:109)
at org.testng.TestRunner.privateRun(TestRunner.java:648)
at org.testng.TestRunner.run(TestRunner.java:505)
at org.testng.SuiteRunner.runTest(SuiteRunner.java:455)
at org.testng.SuiteRunner.access$000(SuiteRunner.java:40)
at org.testng.SuiteRunner$SuiteWorker.run(SuiteRunner.java:489)
at org.testng.internal.thread.ThreadUtil$1.call(ThreadUtil.java:52)
at java.util.concurrent.FutureTask.run(FutureTask.java:266)
at java.util.concurrent.ThreadPoolExecutor.runWorker(ThreadPoolExecutor.java:1149)
at java.util.concurrent.ThreadPoolExecutor$Worker.run(ThreadPoolExecutor.java:624)
at java.lang.Thread.run(Thread.java:748)
]]>
    </failure>
  </testcase> <!-- f_SocialShare_Top_Article -->
  <testcase name="g_SocialShare_Bottom_Article" time="155.972" classname="clj.Frontend.SocialShare"/>
  <testcase name="c_SocialShareArticlePreview" time="64.692" classname="clj.Frontend.SocialShare">
    <failure type="java.lang.AssertionError" message="expected [true] but found [false]">
      <![CDATA[java.lang.AssertionError: expected [true] but found [false]
at org.testng.Assert.fail(Assert.java:96)
at org.testng.Assert.failNotEquals(Assert.java:776)
at org.testng.Assert.assertTrue(Assert.java:44)
at org.testng.Assert.assertTrue(Assert.java:54)
at commonLibrary.SocialLoginsMethods.CLickSocialSahreIconAndAssert(SocialLoginsMethods.java:70)
at clj.Frontend.SocialShare.c_SocialShareArticlePreview(SocialShare.java:72)
at sun.reflect.NativeMethodAccessorImpl.invoke0(Native Method)
at sun.reflect.NativeMethodAccessorImpl.invoke(NativeMethodAccessorImpl.java:62)
at sun.reflect.DelegatingMethodAccessorImpl.invoke(DelegatingMethodAccessorImpl.java:43)
at java.lang.reflect.Method.invoke(Method.java:498)
at org.testng.internal.MethodInvocationHelper.invokeMethod(MethodInvocationHelper.java:124)
at org.testng.internal.Invoker.invokeMethod(Invoker.java:580)
at org.testng.internal.Invoker.retryFailed(Invoker.java:838)
at org.testng.internal.Invoker.invokeTestMethods(Invoker.java:1009)
at org.testng.internal.TestMethodWorker.invokeTestMethods(TestMethodWorker.java:125)
at org.testng.internal.TestMethodWorker.run(TestMethodWorker.java:109)
at org.testng.TestRunner.privateRun(TestRunner.java:648)
at org.testng.TestRunner.run(TestRunner.java:505)
at org.testng.SuiteRunner.runTest(SuiteRunner.java:455)
at org.testng.SuiteRunner.access$000(SuiteRunner.java:40)
at org.testng.SuiteRunner$SuiteWorker.run(SuiteRunner.java:489)
at org.testng.internal.thread.ThreadUtil$1.call(ThreadUtil.java:52)
at java.util.concurrent.FutureTask.run(FutureTask.java:266)
at java.util.concurrent.ThreadPoolExecutor.runWorker(ThreadPoolExecutor.java:1149)
at java.util.concurrent.ThreadPoolExecutor$Worker.run(ThreadPoolExecutor.java:624)
at java.lang.Thread.run(Thread.java:748)
]]>
    </failure>
  </testcase> <!-- c_SocialShareArticlePreview -->
  <testcase name="d_SocialShare_UnderSearch_HomePage" time="78.981" classname="clj.Frontend.SocialShare"/>
  <testcase name="c_SocialShareArticlePreview" time="116.439" classname="clj.Frontend.SocialShare"/>
  <testcase name="b_NewFbIconOnArticlePreview" time="30.168" classname="clj.Frontend.SocialShare"/>
  <testcase name="i_FB_Icon_on_RelatedAtrticle" time="39.368" classname="clj.Frontend.SocialShare"/>
  <testcase name="a_FacebookLike_TopLeft_HomePage" time="42.006" classname="clj.Frontend.SocialShare"/>
  <testcase name="f_SocialShare_Top_Article" time="86.536" classname="clj.Frontend.SocialShare">
    <skipped/>
  </testcase> <!-- f_SocialShare_Top_Article -->
  <testcase name="j_SocialShareOn_Comments" time="89.414" classname="clj.Frontend.SocialShare"/>
  <testcase name="h_FB_Icon_FlyOut_onArticle" time="71.626" classname="clj.Frontend.SocialShare"/>
  <testcase name="h_FB_Icon_FlyOut_onArticle" time="82.959" classname="clj.Frontend.SocialShare">
    <error type="org.openqa.selenium.TimeoutException" message="Expected condition failed: waiting for element to be clickable: [[ChromeDriver: chrome on MAC (b1a5552745bdaabc8c6d9d9749eb78eb)] -&gt; css selector: div.button-share-facebook] (tried for 20 second(s) with 500 MILLISECONDS interval)
Build info: version: &#039;3.9.1&#039;, revision: &#039;63f7b50&#039;, time: &#039;2018-02-07T22:25:02.294Z&#039;
System info: host: &#039;MOL-HSK-CIT0040&#039;, ip: &#039;fe80:0:0:0:1472:6125:5b1d:fb47%en0&#039;, os.name: &#039;Mac OS X&#039;, os.arch: &#039;x86_64&#039;, os.version: &#039;10.12.6&#039;, java.version: &#039;1.8.0_151&#039;
Driver info: org.openqa.selenium.chrome.ChromeDriver
Capabilities {acceptInsecureCerts: false, acceptSslCerts: false, applicationCacheEnabled: false, browserConnectionEnabled: false, browserName: chrome, chrome: {chromedriverVersion: 2.38.552518 (183d19265345f5..., userDataDir: /var/folders/0n/gznryz212yx...}, cssSelectorsEnabled: true, databaseEnabled: false, handlesAlerts: true, hasTouchScreen: false, javascriptEnabled: true, locationContextEnabled: true, mobileEmulationEnabled: false, nativeEvents: true, networkConnectionEnabled: false, pageLoadStrategy: normal, platform: MAC, platformName: MAC, rotatable: false, setWindowRect: true, takesHeapSnapshot: true, takesScreenshot: true, unexpectedAlertBehaviour: , unhandledPromptBehavior: , version: 68.0.3440.84, webStorageEnabled: true}
Session ID: b1a5552745bdaabc8c6d9d9749eb78eb">
      <![CDATA[org.openqa.selenium.TimeoutException: Expected condition failed: waiting for element to be clickable: [[ChromeDriver: chrome on MAC (b1a5552745bdaabc8c6d9d9749eb78eb)] -> css selector: div.button-share-facebook] (tried for 20 second(s) with 500 MILLISECONDS interval)
Build info: version: '3.9.1', revision: '63f7b50', time: '2018-02-07T22:25:02.294Z'
System info: host: 'MOL-HSK-CIT0040', ip: 'fe80:0:0:0:1472:6125:5b1d:fb47%en0', os.name: 'Mac OS X', os.arch: 'x86_64', os.version: '10.12.6', java.version: '1.8.0_151'
Driver info: org.openqa.selenium.chrome.ChromeDriver
Capabilities {acceptInsecureCerts: false, acceptSslCerts: false, applicationCacheEnabled: false, browserConnectionEnabled: false, browserName: chrome, chrome: {chromedriverVersion: 2.38.552518 (183d19265345f5..., userDataDir: /var/folders/0n/gznryz212yx...}, cssSelectorsEnabled: true, databaseEnabled: false, handlesAlerts: true, hasTouchScreen: false, javascriptEnabled: true, locationContextEnabled: true, mobileEmulationEnabled: false, nativeEvents: true, networkConnectionEnabled: false, pageLoadStrategy: normal, platform: MAC, platformName: MAC, rotatable: false, setWindowRect: true, takesHeapSnapshot: true, takesScreenshot: true, unexpectedAlertBehaviour: , unhandledPromptBehavior: , version: 68.0.3440.84, webStorageEnabled: true}
Session ID: b1a5552745bdaabc8c6d9d9749eb78eb
at org.openqa.selenium.support.ui.WebDriverWait.timeoutException(WebDriverWait.java:82)
at org.openqa.selenium.support.ui.FluentWait.until(FluentWait.java:231)
at commonLibrary.WaitMethods.WaitUntilElementClickable(WaitMethods.java:19)
at clj.Frontend.SocialShare.h_FB_Icon_FlyOut_onArticle(SocialShare.java:214)
at sun.reflect.NativeMethodAccessorImpl.invoke0(Native Method)
at sun.reflect.NativeMethodAccessorImpl.invoke(NativeMethodAccessorImpl.java:62)
at sun.reflect.DelegatingMethodAccessorImpl.invoke(DelegatingMethodAccessorImpl.java:43)
at java.lang.reflect.Method.invoke(Method.java:498)
at org.testng.internal.MethodInvocationHelper.invokeMethod(MethodInvocationHelper.java:124)
at org.testng.internal.Invoker.invokeMethod(Invoker.java:580)
at org.testng.internal.Invoker.retryFailed(Invoker.java:838)
at org.testng.internal.Invoker.invokeTestMethods(Invoker.java:1009)
at org.testng.internal.TestMethodWorker.invokeTestMethods(TestMethodWorker.java:125)
at org.testng.internal.TestMethodWorker.run(TestMethodWorker.java:109)
at org.testng.TestRunner.privateRun(TestRunner.java:648)
at org.testng.TestRunner.run(TestRunner.java:505)
at org.testng.SuiteRunner.runTest(SuiteRunner.java:455)
at org.testng.SuiteRunner.access$000(SuiteRunner.java:40)
at org.testng.SuiteRunner$SuiteWorker.run(SuiteRunner.java:489)
at org.testng.internal.thread.ThreadUtil$1.call(ThreadUtil.java:52)
at java.util.concurrent.FutureTask.run(FutureTask.java:266)
at java.util.concurrent.ThreadPoolExecutor.runWorker(ThreadPoolExecutor.java:1149)
at java.util.concurrent.ThreadPoolExecutor$Worker.run(ThreadPoolExecutor.java:624)
at java.lang.Thread.run(Thread.java:748)
]]>
    </error>
  </testcase> <!-- h_FB_Icon_FlyOut_onArticle -->
  <testcase name="g_SocialShare_Bottom_Article" time="103.055" classname="clj.Frontend.SocialShare"/>
  <testcase name="b_NewFbIconOnArticlePreview" time="28.268" classname="clj.Frontend.SocialShare"/>
  <testcase name="i_FB_Icon_on_RelatedAtrticle" time="46.478" classname="clj.Frontend.SocialShare"/>
  <testcase name="f_SocialShare_Top_Article" time="133.429" classname="clj.Frontend.SocialShare"/>
  <testcase name="j_SocialShareOn_Comments" time="84.910" classname="clj.Frontend.SocialShare"/>
</testsuite> <!-- clj.Frontend.SocialShare -->
