<?xml version="1.0" encoding="UTF-8"?>
<!-- Generated by org.testng.reporters.JUnitReportReporter -->
<testsuite skipped="2" hostname="MOL-HSK-CIT0040" name="clj.Frontend.AllLoginsAndMyProfile" tests="10" failures="0" timestamp="03 Aug 2018 12:45:10 GMT" time="515.254" errors="1">
  <testcase name="c_TwitterLogin" time="18.558" classname="clj.Frontend.AllLoginsAndMyProfile"/>
  <testcase name="d_Registration" time="39.678" classname="clj.Frontend.AllLoginsAndMyProfile"/>
  <testcase name="a_DirectLogin" time="34.423" classname="clj.Frontend.AllLoginsAndMyProfile"/>
  <testcase name="a_DirectLogin" time="70.936" classname="clj.Frontend.AllLoginsAndMyProfile"/>
  <testcase name="c_TwitterLogin" time="94.273" classname="clj.Frontend.AllLoginsAndMyProfile">
    <skipped/>
  </testcase> <!-- c_TwitterLogin -->
  <testcase name="b_FacebookLogin" time="26.002" classname="clj.Frontend.AllLoginsAndMyProfile"/>
  <testcase name="c_TwitterLogin" time="92.279" classname="clj.Frontend.AllLoginsAndMyProfile">
    <error type="org.openqa.selenium.TimeoutException" message="Expected condition failed: waiting for element to be clickable: [[FirefoxDriver: firefox on MAC (56d3bbbf-96e3-9548-97b7-52f4ec7bf7ed)] -&gt; id: login] (tried for 30 second(s) with 500 MILLISECONDS interval)
Build info: version: &#039;3.9.1&#039;, revision: &#039;63f7b50&#039;, time: &#039;2018-02-07T22:25:02.294Z&#039;
System info: host: &#039;MOL-HSK-CIT0040&#039;, ip: &#039;fe80:0:0:0:1472:6125:5b1d:fb47%en0&#039;, os.name: &#039;Mac OS X&#039;, os.arch: &#039;x86_64&#039;, os.version: &#039;10.12.6&#039;, java.version: &#039;1.8.0_151&#039;
Driver info: org.openqa.selenium.firefox.FirefoxDriver
Capabilities {acceptInsecureCerts: true, browserName: firefox, browserVersion: 60.0, javascriptEnabled: true, moz:accessibilityChecks: false, moz:headless: false, moz:processID: 35576, moz:profile: /var/folders/0n/gznryz212yx..., moz:useNonSpecCompliantPointerOrigin: false, moz:webdriverClick: true, pageLoadStrategy: normal, platform: MAC, platformName: MAC, platformVersion: 16.7.0, rotatable: false, timeouts: {implicit: 0, pageLoad: 300000, script: 30000}}
Session ID: 56d3bbbf-96e3-9548-97b7-52f4ec7bf7ed">
      <![CDATA[org.openqa.selenium.TimeoutException: Expected condition failed: waiting for element to be clickable: [[FirefoxDriver: firefox on MAC (56d3bbbf-96e3-9548-97b7-52f4ec7bf7ed)] -> id: login] (tried for 30 second(s) with 500 MILLISECONDS interval)
Build info: version: '3.9.1', revision: '63f7b50', time: '2018-02-07T22:25:02.294Z'
System info: host: 'MOL-HSK-CIT0040', ip: 'fe80:0:0:0:1472:6125:5b1d:fb47%en0', os.name: 'Mac OS X', os.arch: 'x86_64', os.version: '10.12.6', java.version: '1.8.0_151'
Driver info: org.openqa.selenium.firefox.FirefoxDriver
Capabilities {acceptInsecureCerts: true, browserName: firefox, browserVersion: 60.0, javascriptEnabled: true, moz:accessibilityChecks: false, moz:headless: false, moz:processID: 35576, moz:profile: /var/folders/0n/gznryz212yx..., moz:useNonSpecCompliantPointerOrigin: false, moz:webdriverClick: true, pageLoadStrategy: normal, platform: MAC, platformName: MAC, platformVersion: 16.7.0, rotatable: false, timeouts: {implicit: 0, pageLoad: 300000, script: 30000}}
Session ID: 56d3bbbf-96e3-9548-97b7-52f4ec7bf7ed
at org.openqa.selenium.support.ui.WebDriverWait.timeoutException(WebDriverWait.java:82)
at org.openqa.selenium.support.ui.FluentWait.until(FluentWait.java:231)
at commonLibrary.LoginAndMyProfileMethods.AllLoginMethods(LoginAndMyProfileMethods.java:78)
at clj.Frontend.AllLoginsAndMyProfile.c_TwitterLogin(AllLoginsAndMyProfile.java:84)
at sun.reflect.NativeMethodAccessorImpl.invoke0(Native Method)
at sun.reflect.NativeMethodAccessorImpl.invoke(NativeMethodAccessorImpl.java:62)
at sun.reflect.DelegatingMethodAccessorImpl.invoke(DelegatingMethodAccessorImpl.java:43)
at java.lang.reflect.Method.invoke(Method.java:498)
at org.testng.internal.MethodInvocationHelper.invokeMethod(MethodInvocationHelper.java:124)
at org.testng.internal.Invoker.invokeMethod(Invoker.java:580)
at org.testng.internal.Invoker.retryFailed(Invoker.java:838)
at org.testng.internal.Invoker.invokeTestMethods(Invoker.java:1009)
at org.testng.internal.TestMethodWorker.invokeTestMethods(TestMethodWorker.java:125)
at org.testng.internal.TestMethodWorker.run(TestMethodWorker.java:109)
at org.testng.TestRunner.privateRun(TestRunner.java:648)
at org.testng.TestRunner.run(TestRunner.java:505)
at org.testng.SuiteRunner.runTest(SuiteRunner.java:455)
at org.testng.SuiteRunner.access$000(SuiteRunner.java:40)
at org.testng.SuiteRunner$SuiteWorker.run(SuiteRunner.java:489)
at org.testng.internal.thread.ThreadUtil$1.call(ThreadUtil.java:52)
at java.util.concurrent.FutureTask.run(FutureTask.java:266)
at java.util.concurrent.ThreadPoolExecutor.runWorker(ThreadPoolExecutor.java:1149)
at java.util.concurrent.ThreadPoolExecutor$Worker.run(ThreadPoolExecutor.java:624)
at java.lang.Thread.run(Thread.java:748)
]]>
    </error>
  </testcase> <!-- c_TwitterLogin -->
  <testcase name="d_Registration" time="25.992" classname="clj.Frontend.AllLoginsAndMyProfile"/>
  <testcase name="c_TwitterLogin" time="93.768" classname="clj.Frontend.AllLoginsAndMyProfile">
    <skipped/>
  </testcase> <!-- c_TwitterLogin -->
  <testcase name="b_FacebookLogin" time="19.345" classname="clj.Frontend.AllLoginsAndMyProfile"/>
</testsuite> <!-- clj.Frontend.AllLoginsAndMyProfile -->
